2024-03-02 15:30:33,070 - acs_main - INFO - Starting ACS Project
2024-03-02 15:30:33,071 - command line - INFO - Running local command: aws iam list-users
2024-03-02 15:30:34,107 - command line - INFO - Command output: {
    "Users": []
}

2024-03-02 15:30:34,107 - Initial Setup (only run once) - INFO - AWS is working
2024-03-02 15:30:34,107 - Initial Setup (only run once) - INFO - Configuration file not found, proceeding with setup...
2024-03-02 15:30:35,242 - Security_manager - INFO - Added rules to security group: sg-0597472d946ec7cd4
2024-03-02 15:30:35,594 - Security_manager - INFO - Added rules to security group: sg-0597472d946ec7cd4
2024-03-02 15:30:35,595 - Security_manager - INFO - Created security group: sg-0597472d946ec7cd4
2024-03-02 15:30:35,595 - Initial Setup (only run once) - INFO - Security group created id: sg-0597472d946ec7cd4 name: hj44oa-sconroysecuritygroup
2024-03-02 15:30:35,836 - Security_manager - INFO - Created key pair: qlvrhf-sconroykey
2024-03-02 15:30:35,837 - Initial Setup (only run once) - INFO - Key pair created in data/qlvrhf-sconroykey.pem
2024-03-02 15:30:35,837 - Initial Setup (only run once) - INFO - Setup complete.
2024-03-02 15:30:35,837 - APP - INFO - Launching Metadata EC2 Instance...
2024-03-02 15:30:35,837 - ec2 Manager - INFO - Getting Amazon Linux AMI...
2024-03-02 15:30:37,711 - ec2 Manager - INFO - Launched EC2 Instance: i-0db0bf13eac5ee85d
2024-03-02 15:30:37,722 - ec2 Manager - INFO - Waiting for instance ['i-0db0bf13eac5ee85d'] to be running...
2024-03-02 15:30:58,517 - ec2 Manager - INFO - Instance running successfully.
2024-03-02 15:30:58,807 - ec2 Manager - INFO - Public IP: 44.223.62.141
2024-03-02 15:30:58,983 - ec2 Manager - INFO - Public DNS: ec2-44-223-62-141.compute-1.amazonaws.com
2024-03-02 15:30:58,983 - Browser Opener - INFO - Checking URL: http://44.223.62.141
