2024-03-02 15:01:03,226 - acs_main - INFO - Starting ACS Project
2024-03-02 15:01:03,227 - command line - INFO - Running local command: aws iam list-users
2024-03-02 15:01:04,334 - command line - INFO - Command output: {
    "Users": []
}

2024-03-02 15:01:04,336 - Initial Setup (only run once) - INFO - AWS is working
2024-03-02 15:01:04,336 - Initial Setup (only run once) - INFO - Configuration file exists, loading configuration...
2024-03-02 15:01:04,336 - Initial Setup (only run once) - INFO - Configuration loaded successfully.
2024-03-02 15:01:04,337 - APP - INFO - Launching Metadata EC2 Instance...
2024-03-02 15:01:04,337 - ec2 Manager - INFO - Getting Amazon Linux AMI...
2024-03-02 15:01:04,342 - ec2 Manager - ERROR - Failed to launch EC2 instance: Parameter validation failed:
Invalid type for parameter KeyName, value: None, type: <class 'NoneType'>, valid types: <class 'str'>
Invalid type for parameter SecurityGroupIds[0], value: None, type: <class 'NoneType'>, valid types: <class 'str'>
2024-03-02 15:01:04,342 - APP - ERROR - Failed to launch EC2 instance: cannot unpack non-iterable NoneType object
2024-03-02 15:01:04,342 - APP - INFO - Launching Database EC2 Instance...
2024-03-02 15:01:04,342 - ec2 Manager - INFO - Getting Amazon Linux AMI...
2024-03-02 15:01:04,343 - ec2 Manager - ERROR - Failed to launch EC2 instance: Parameter validation failed:
Invalid type for parameter KeyName, value: None, type: <class 'NoneType'>, valid types: <class 'str'>
Invalid type for parameter SecurityGroupIds[0], value: None, type: <class 'NoneType'>, valid types: <class 'str'>
2024-03-02 15:01:04,343 - APP - ERROR - Failed to launch EC2 instance: cannot unpack non-iterable NoneType object
2024-03-02 15:01:05,012 - s3 Manager - INFO - Created bucket: 3imwjg-sconroy
2024-03-02 15:01:05,845 - s3 Manager - INFO - Uploaded file: data/image.jpeg to bucket: 3imwjg-sconroy
2024-03-02 15:01:06,088 - s3 Manager - INFO - Uploaded file: data/index.html to bucket: 3imwjg-sconroy
2024-03-02 15:01:06,252 - s3 Manager - INFO - Deleted public access block: 3imwjg-sconroy
2024-03-02 15:01:06,490 - s3 Manager - INFO - Added policy to bucket: 3imwjg-sconroy
2024-03-02 15:01:06,683 - s3 Manager - INFO - Configured website: 3imwjg-sconroy
2024-03-02 15:01:07,077 - Browser Opener - INFO - URL is accessible
2024-03-02 15:01:07,078 - Browser Opener - INFO - Opened browser to S3 Website: http://3imwjg-sconroy.s3-website-us-east-1.amazonaws.com
2024-03-02 15:01:07,818 - Browser Opener - INFO - URL written to file: data/url.txt
