2024-03-02 15:34:38,903 - acs_main - INFO - Starting ACS Project
2024-03-02 15:34:38,903 - command line - INFO - Running local command: aws iam list-users
2024-03-02 15:34:40,024 - command line - INFO - Command output: {
    "Users": []
}

2024-03-02 15:34:40,025 - Initial Setup (only run once) - INFO - AWS is working
2024-03-02 15:34:40,025 - Initial Setup (only run once) - INFO - Configuration file not found, proceeding with setup...
2024-03-02 15:34:41,167 - Security_manager - INFO - Added rules to security group: sg-00a54bbcf1ca7866d
2024-03-02 15:34:41,539 - Security_manager - INFO - Added rules to security group: sg-00a54bbcf1ca7866d
2024-03-02 15:34:41,539 - Security_manager - INFO - Created security group: sg-00a54bbcf1ca7866d
2024-03-02 15:34:41,539 - Initial Setup (only run once) - INFO - Security group created id: sg-00a54bbcf1ca7866d name: kd5pvp-sconroysecuritygroup
2024-03-02 15:34:41,781 - Security_manager - INFO - Created key pair: jv65lv-sconroykey
2024-03-02 15:34:41,781 - Initial Setup (only run once) - INFO - Key pair created in data/jv65lv-sconroykey.pem
2024-03-02 15:34:41,782 - Initial Setup (only run once) - INFO - Setup complete.
2024-03-02 15:34:41,782 - APP - INFO - Launching Metadata EC2 Instance...
2024-03-02 15:34:41,782 - ec2 Manager - INFO - Getting Amazon Linux AMI...
2024-03-02 15:34:43,469 - ec2 Manager - INFO - Launched EC2 Instance: i-09bdc99d006306dac
2024-03-02 15:34:43,480 - ec2 Manager - INFO - Waiting for instance ['i-09bdc99d006306dac'] to be running...
2024-03-02 15:35:24,504 - ec2 Manager - INFO - Instance running successfully.
2024-03-02 15:35:24,771 - ec2 Manager - INFO - Public IP: 3.92.135.215
2024-03-02 15:35:24,941 - ec2 Manager - INFO - Public DNS: ec2-3-92-135-215.compute-1.amazonaws.com
2024-03-02 15:35:24,942 - Browser Opener - INFO - Checking URL: http://3.92.135.215
2024-03-02 15:35:25,089 - Browser Opener - WARNING - URL check failed
2024-03-02 15:35:45,105 - Browser Opener - INFO - Checking URL: http://3.92.135.215
2024-03-02 15:35:45,419 - Browser Opener - INFO - URL is accessible
2024-03-02 15:35:45,420 - Browser Opener - INFO - Opened browser to Metadata Website: http://3.92.135.215
2024-03-02 15:35:46,109 - Browser Opener - INFO - URL written to file: data/url.txt
2024-03-02 15:35:46,114 - APP - INFO - Launching Monitoring EC2 Instance MetaData...
2024-03-02 15:35:46,115 - command line - INFO - Uploading file: data/monitoring.sh
2024-03-02 15:35:48,864 - command line - INFO - Running command: chmod +x monitoring.sh && ./monitoring.sh
2024-03-02 15:35:50,969 - command line - INFO - Command output: Instance ID: i-09bdc99d006306dac
Memory utilisation: 15.60%
No of processes: 120
Web server is running

2024-03-02 15:35:50,969 - APP - INFO - Launching Database EC2 Instance...
2024-03-02 15:35:50,969 - ec2 Manager - INFO - Getting Amazon Linux AMI...
2024-03-02 15:35:52,362 - ec2 Manager - INFO - Launched EC2 Instance: i-0f1ce5609d6f9383e
2024-03-02 15:35:52,363 - ec2 Manager - INFO - Waiting for instance ['i-0f1ce5609d6f9383e'] to be running...
2024-03-02 15:36:33,086 - ec2 Manager - INFO - Instance running successfully.
2024-03-02 15:36:33,310 - ec2 Manager - INFO - Public IP: 18.234.231.73
2024-03-02 15:36:33,500 - ec2 Manager - INFO - Public DNS: ec2-18-234-231-73.compute-1.amazonaws.com
2024-03-02 15:36:33,504 - Browser Opener - INFO - Checking URL: http://ec2-18-234-231-73.compute-1.amazonaws.com:27017
2024-03-02 15:36:33,714 - Browser Opener - WARNING - URL check failed
2024-03-02 15:37:33,733 - Browser Opener - INFO - Checking URL: http://ec2-18-234-231-73.compute-1.amazonaws.com:27017
2024-03-02 15:37:33,960 - Browser Opener - WARNING - URL check failed
2024-03-02 15:38:33,970 - Browser Opener - INFO - Checking URL: http://ec2-18-234-231-73.compute-1.amazonaws.com:27017
2024-03-02 15:38:34,204 - Browser Opener - INFO - URL is accessible
2024-03-02 15:38:34,204 - APP - INFO - Adding data to Database...
2024-03-02 15:38:34,205 - command line - INFO - Uploading file: data/database.json
2024-03-02 15:38:36,965 - command line - INFO - Running command: mongoimport --host ec2-18-234-231-73.compute-1.amazonaws.com --db irelandCounties --collection counties --file database.json --jsonArray
2024-03-02 15:38:38,431 - command line - INFO - Command output: 
2024-03-02 15:38:40,127 - s3 Manager - INFO - Created bucket: d8ikzv-scronoybucket
2024-03-02 15:38:40,848 - s3 Manager - INFO - Uploaded file: data/image.jpeg to bucket: d8ikzv-scronoybucket
2024-03-02 15:38:41,072 - s3 Manager - INFO - Uploaded file: data/index.html to bucket: d8ikzv-scronoybucket
2024-03-02 15:38:41,232 - s3 Manager - INFO - Deleted public access block: d8ikzv-scronoybucket
2024-03-02 15:38:41,461 - s3 Manager - INFO - Added policy to bucket: d8ikzv-scronoybucket
2024-03-02 15:38:41,708 - s3 Manager - INFO - Configured website: d8ikzv-scronoybucket
2024-03-02 15:38:41,709 - Browser Opener - INFO - Checking URL: http://d8ikzv-scronoybucket.s3-website-us-east-1.amazonaws.com
2024-03-02 15:38:42,021 - Browser Opener - INFO - URL is accessible
2024-03-02 15:38:42,022 - Browser Opener - INFO - Opened browser to S3 Website: http://d8ikzv-scronoybucket.s3-website-us-east-1.amazonaws.com
2024-03-02 15:38:42,721 - Browser Opener - INFO - URL written to file: data/url.txt
