2024-03-02 14:42:05,912 - acs_main - INFO - Starting ACS Project
2024-03-02 14:42:05,912 - Initial Setup (only run once) - INFO - Configuration file exists, loading configuration...
2024-03-02 14:42:05,912 - Initial Setup (only run once) - INFO - Configuration loaded successfully.
2024-03-02 14:42:05,913 - APP - INFO - Launching Metadata EC2 Instance...
2024-03-02 14:42:05,913 - ec2 Manager - INFO - Getting Amazon Linux AMI...
2024-03-02 14:42:05,913 - ec2 Manager - ERROR - Failed to launch EC2 instance: Parameter validation failed:
Invalid type for parameter KeyName, value: None, type: <class 'NoneType'>, valid types: <class 'str'>
Invalid type for parameter SecurityGroupIds[0], value: None, type: <class 'NoneType'>, valid types: <class 'str'>
2024-03-02 14:42:05,913 - APP - ERROR - Failed to launch EC2 instance: cannot unpack non-iterable NoneType object
2024-03-02 14:42:05,913 - APP - INFO - Launching Database EC2 Instance...
2024-03-02 14:42:05,913 - ec2 Manager - INFO - Getting Amazon Linux AMI...
2024-03-02 14:42:05,913 - ec2 Manager - ERROR - Failed to launch EC2 instance: Parameter validation failed:
Invalid type for parameter KeyName, value: None, type: <class 'NoneType'>, valid types: <class 'str'>
Invalid type for parameter SecurityGroupIds[0], value: None, type: <class 'NoneType'>, valid types: <class 'str'>
2024-03-02 14:42:05,913 - APP - ERROR - Failed to launch EC2 instance: cannot unpack non-iterable NoneType object
2024-03-02 14:42:06,439 - s3 Manager - ERROR - Failed to create S3 bucket: An error occurred (AccessDenied) when calling the CreateBucket operation: Access Denied
2024-03-02 14:42:06,583 - s3 Manager - ERROR - Failed to upload file: data/image.jpeg to bucket: None: Required parameter bucket_name not set
2024-03-02 14:42:06,584 - s3 Manager - ERROR - Failed to upload file: data/index.html to bucket: None: Required parameter bucket_name not set
2024-03-02 14:42:06,584 - s3 Manager - ERROR - Failed to delete public access block: expected string or bytes-like object, got 'NoneType'
2024-03-02 14:42:06,584 - s3 Manager - ERROR - Failed to add policy to None: Required parameter name not set
2024-03-02 14:42:06,585 - s3 Manager - ERROR - Failed to configure website: None: Required parameter bucket_name not set
