2024-03-02 00:06:01,018 - acs_main - INFO - Starting ACS Project
2024-03-02 00:06:01,019 - APP - INFO - Launching Metadata EC2 Instance...
2024-03-02 00:06:01,019 - ec2_manager - INFO - Getting Amazon Linux AMI...
2024-03-02 00:06:03,034 - ec2_manager - INFO - Launched EC2 Instance: i-0e206a730426dc70a
2024-03-02 00:06:03,056 - ec2_manager - INFO - Waiting for instance ['i-0e206a730426dc70a'] to be running...
2024-03-02 00:06:44,284 - ec2_manager - INFO - Instance running successfully.
2024-03-02 00:06:44,537 - ec2_manager - INFO - Public IP: 52.73.47.115
2024-03-02 00:06:44,662 - Browser Opener - WARNING - URL check failed
2024-03-02 00:07:44,899 - Browser Opener - INFO - URL is accessible
2024-03-02 00:07:44,900 - Browser Opener - INFO - Opened browser to Metadata Website: http://52.73.47.115
2024-03-02 00:07:46,149 - s3 Manager - INFO - Created bucket: cbrppu-sconroy
2024-03-02 00:07:47,049 - s3 Manager - INFO - Uploaded file: data/image.jpeg to bucket: cbrppu-sconroy
2024-03-02 00:07:47,288 - s3 Manager - INFO - Uploaded file: data/index.html to bucket: cbrppu-sconroy
2024-03-02 00:07:47,448 - s3 Manager - INFO - Deleted public access block: cbrppu-sconroy
2024-03-02 00:07:47,689 - s3 Manager - INFO - Added policy to bucket: cbrppu-sconroy
2024-03-02 00:07:47,845 - s3 Manager - INFO - Configured website: cbrppu-sconroy
2024-03-02 00:07:48,155 - Browser Opener - INFO - URL is accessible
2024-03-02 00:07:48,155 - Browser Opener - INFO - Opened browser to S3 Website: http://cbrppu-sconroy.s3-website-us-east-1.amazonaws.com
2024-03-02 00:07:48,550 - APP - INFO - Launching Monitoring EC2 Instance...
2024-03-02 00:07:48,553 - command line - INFO - Uploading file: data/monitoring.sh
