2024-03-02 18:13:23,000 - Main - INFO - Starting Sean Conroy ACS Project
2024-03-02 18:13:23,000 - command line - INFO - Running local command: aws iam list-users
2024-03-02 18:13:23,975 - command line - INFO - Command output: {
    "Users": []
}

2024-03-02 18:13:23,975 - Initial Setup (only run once) - INFO - AWS is working
2024-03-02 18:13:23,976 - Initial Setup (only run once) - INFO - Configuration file not found, proceeding with setup...
2024-03-02 18:13:25,175 - Security_manager - INFO - Added rules to security group: sg-092505d114009fe3b
2024-03-02 18:13:25,520 - Security_manager - INFO - Added rules to security group: sg-092505d114009fe3b
2024-03-02 18:13:25,521 - Security_manager - INFO - Created security group: sg-092505d114009fe3b
2024-03-02 18:13:25,521 - Initial Setup (only run once) - INFO - Security group created id: sg-092505d114009fe3b name: f26qdf-sconroysecuritygroup
2024-03-02 18:13:25,766 - Security_manager - INFO - Created key pair: ukhhh3-sconroykey
2024-03-02 18:13:25,766 - Initial Setup (only run once) - INFO - Key pair created in data/ukhhh3-sconroykey.pem
2024-03-02 18:13:25,766 - Initial Setup (only run once) - INFO - Setup complete.
2024-03-02 18:13:25,766 - APP - INFO - Launching Metadata EC2 Instance...
2024-03-02 18:13:25,767 - ec2 Manager - INFO - Getting Amazon Linux AMI...
2024-03-02 18:13:27,454 - ec2 Manager - INFO - Launched EC2 Instance: i-0236e8067eeab2229
2024-03-02 18:13:27,466 - ec2 Manager - INFO - Waiting for instance ['i-0236e8067eeab2229'] to be running...
2024-03-02 18:14:08,503 - ec2 Manager - INFO - Instance running successfully.
2024-03-02 18:14:08,783 - ec2 Manager - INFO - Public IP: 3.80.21.34
2024-03-02 18:14:08,954 - ec2 Manager - INFO - Public DNS: ec2-3-80-21-34.compute-1.amazonaws.com
2024-03-02 18:14:08,954 - Browser Opener - INFO - Checking URL: http://3.80.21.34
2024-03-02 18:14:09,101 - Browser Opener - WARNING - URL check failed
2024-03-02 18:14:49,105 - Browser Opener - INFO - Checking URL: http://3.80.21.34
2024-03-02 18:14:49,413 - Browser Opener - INFO - URL is accessible
2024-03-02 18:14:49,413 - Browser Opener - INFO - Opened browser to Metadata Website: http://3.80.21.34
2024-03-02 18:14:50,054 - Browser Opener - INFO - URL written to file: data/url.txt
2024-03-02 18:14:50,055 - APP - INFO - Launching Monitoring EC2 Instance MetaData...
2024-03-02 18:14:50,055 - command line - INFO - Uploading file: data/monitoring.sh
2024-03-02 18:14:52,674 - command line - INFO - Running command: chmod +x monitoring.sh && ./monitoring.sh
2024-03-02 18:14:55,295 - command line - INFO - Command output: Time: Sat Mar  2 18:14:55 UTC 2024
Instance ID: i-0236e8067eeab2229
Memory utilisation: 16.23%
No of processes: 116
Web server is running
MongoDB is NOT running.

2024-03-02 18:14:55,296 - APP - INFO - Launching Database EC2 Instance...
2024-03-02 18:14:55,296 - ec2 Manager - INFO - Getting Amazon Linux AMI...
2024-03-02 18:14:56,686 - ec2 Manager - INFO - Launched EC2 Instance: i-02d859a940b53b2a4
2024-03-02 18:14:56,688 - ec2 Manager - INFO - Waiting for instance ['i-02d859a940b53b2a4'] to be running...
2024-03-02 18:15:37,480 - ec2 Manager - INFO - Instance running successfully.
2024-03-02 18:15:37,668 - ec2 Manager - INFO - Public IP: 18.212.80.97
2024-03-02 18:15:37,870 - ec2 Manager - INFO - Public DNS: ec2-18-212-80-97.compute-1.amazonaws.com
2024-03-02 18:15:37,870 - Browser Opener - INFO - Checking URL: http://ec2-18-212-80-97.compute-1.amazonaws.com:27017
2024-03-02 18:15:38,014 - Browser Opener - WARNING - URL check failed
2024-03-02 18:16:38,024 - Browser Opener - INFO - Checking URL: http://ec2-18-212-80-97.compute-1.amazonaws.com:27017
2024-03-02 18:16:38,145 - Browser Opener - WARNING - URL check failed
2024-03-02 18:17:38,160 - Browser Opener - INFO - Checking URL: http://ec2-18-212-80-97.compute-1.amazonaws.com:27017
2024-03-02 18:17:38,381 - Browser Opener - INFO - URL is accessible
2024-03-02 18:17:38,381 - APP - INFO - Adding data to Database...
2024-03-02 18:17:38,381 - command line - INFO - Uploading file: data/database.json
2024-03-02 18:17:40,847 - command line - INFO - Running command: mongoimport --host ec2-18-212-80-97.compute-1.amazonaws.com --db irelandCounties --collection counties --file database.json --jsonArray
2024-03-02 18:17:42,769 - command line - INFO - Command output: 
2024-03-02 18:17:42,771 - APP - INFO - Launching Monitoring EC2 Instance MetaData...
2024-03-02 18:17:42,771 - command line - INFO - Uploading file: data/monitoring.sh
2024-03-02 18:17:44,981 - command line - INFO - Running command: chmod +x monitoring.sh && ./monitoring.sh
2024-03-02 18:17:46,511 - command line - INFO - Command output: Time: Sat Mar  2 18:17:46 UTC 2024
Instance ID: i-02d859a940b53b2a4
Memory utilisation: 21.39%
No of processes: 113
Web server is NOT running
MongoDB is running.

2024-03-02 18:17:47,255 - s3 Manager - INFO - Created bucket: 4osilj-scronoybucket
2024-03-02 18:17:48,072 - s3 Manager - INFO - Uploaded file: data/image.jpeg to bucket: 4osilj-scronoybucket
2024-03-02 18:17:48,312 - s3 Manager - INFO - Uploaded file: data/index.html to bucket: 4osilj-scronoybucket
2024-03-02 18:17:48,474 - s3 Manager - INFO - Deleted public access block: 4osilj-scronoybucket
2024-03-02 18:17:48,736 - s3 Manager - INFO - Added policy to bucket: 4osilj-scronoybucket
2024-03-02 18:17:48,895 - s3 Manager - INFO - Configured website: 4osilj-scronoybucket
2024-03-02 18:17:48,895 - Browser Opener - INFO - Checking URL: http://4osilj-scronoybucket.s3-website-us-east-1.amazonaws.com
2024-03-02 18:17:49,209 - Browser Opener - INFO - URL is accessible
2024-03-02 18:17:49,209 - Browser Opener - INFO - Opened browser to S3 Website: http://4osilj-scronoybucket.s3-website-us-east-1.amazonaws.com
2024-03-02 18:17:49,754 - Browser Opener - INFO - URL written to file: data/url.txt
2024-03-02 18:17:49,756 - Main - INFO - ACS Project Completed
