2024-03-02 15:32:34,287 - acs_main - INFO - Starting ACS Project
2024-03-02 15:32:34,288 - command line - INFO - Running local command: aws iam list-users
2024-03-02 15:32:35,302 - command line - INFO - Command output: {
    "Users": []
}

2024-03-02 15:32:35,302 - Initial Setup (only run once) - INFO - AWS is working
2024-03-02 15:32:35,302 - Initial Setup (only run once) - INFO - Configuration file not found, proceeding with setup...
2024-03-02 15:32:36,422 - Security_manager - INFO - Added rules to security group: sg-0706c77a7de751c3a
2024-03-02 15:32:36,896 - Security_manager - INFO - Added rules to security group: sg-0706c77a7de751c3a
2024-03-02 15:32:36,897 - Security_manager - INFO - Created security group: sg-0706c77a7de751c3a
2024-03-02 15:32:36,897 - Initial Setup (only run once) - INFO - Security group created id: sg-0706c77a7de751c3a name: miymun-sconroysecuritygroup
2024-03-02 15:32:37,177 - Security_manager - INFO - Created key pair: sz23oq-sconroykey
2024-03-02 15:32:37,178 - Initial Setup (only run once) - INFO - Key pair created in data/sz23oq-sconroykey.pem
2024-03-02 15:32:37,178 - Initial Setup (only run once) - INFO - Setup complete.
2024-03-02 15:32:37,178 - APP - INFO - Launching Metadata EC2 Instance...
2024-03-02 15:32:37,178 - ec2 Manager - INFO - Getting Amazon Linux AMI...
2024-03-02 15:32:39,070 - ec2 Manager - INFO - Launched EC2 Instance: i-0ab90627927d75500
2024-03-02 15:32:39,086 - ec2 Manager - INFO - Waiting for instance ['i-0ab90627927d75500'] to be running...
2024-03-02 15:33:20,133 - ec2 Manager - INFO - Instance running successfully.
2024-03-02 15:33:20,640 - ec2 Manager - INFO - Public IP: 50.19.130.171
2024-03-02 15:33:20,906 - ec2 Manager - INFO - Public DNS: ec2-50-19-130-171.compute-1.amazonaws.com
2024-03-02 15:33:20,907 - Browser Opener - INFO - Checking URL: http://50.19.130.171
2024-03-02 15:33:21,327 - Browser Opener - WARNING - URL check failed
2024-03-02 15:33:41,386 - Browser Opener - INFO - Checking URL: http://50.19.130.171
2024-03-02 15:33:42,058 - Browser Opener - INFO - URL is accessible
2024-03-02 15:33:42,058 - Browser Opener - INFO - Opened browser to Metadata Website: http://50.19.130.171
2024-03-02 15:33:42,844 - Browser Opener - INFO - URL written to file: data/url.txt
2024-03-02 15:33:42,845 - APP - INFO - Launching Monitoring EC2 Instance MetaData...
2024-03-02 15:33:42,849 - command line - INFO - Uploading file: data/monitoring.sh
2024-03-02 15:33:45,611 - command line - INFO - Running command: chmod +x monitoring.sh && ./monitoring.sh
2024-03-02 15:33:47,190 - command line - INFO - Command output: Instance ID: i-0ab90627927d75500
Memory utilisation: 17.70%
No of processes: 120
Web server is running

