2024-03-02 17:19:23,236 - Runner - INFO - Starting Sean Conroy ACS Project
2024-03-02 17:19:23,236 - command line - INFO - Running local command: aws iam list-users
2024-03-02 17:19:24,523 - command line - INFO - Command output: {
    "Users": []
}

2024-03-02 17:19:24,523 - Initial Setup (only run once) - INFO - AWS is working
2024-03-02 17:19:24,524 - Initial Setup (only run once) - INFO - Configuration file exists, loading configuration...
2024-03-02 17:19:24,524 - Initial Setup (only run once) - INFO - Configuration loaded successfully.
2024-03-02 17:19:24,524 - APP - INFO - Launching Metadata EC2 Instance...
2024-03-02 17:19:24,525 - ec2 Manager - INFO - Getting Amazon Linux AMI...
2024-03-02 17:19:26,310 - ec2 Manager - INFO - Launched EC2 Instance: i-025a9fef07e8d6ac5
2024-03-02 17:22:27,041 - ec2 Manager - INFO - Public IP: 54.161.3.42
2024-03-02 17:22:27,224 - ec2 Manager - INFO - Public DNS: ec2-54-161-3-42.compute-1.amazonaws.com
2024-03-02 17:22:27,225 - Browser Opener - INFO - Checking URL: http://54.161.3.42
2024-03-02 17:22:27,894 - Browser Opener - INFO - URL is accessible
2024-03-02 17:22:27,894 - Browser Opener - INFO - Opened browser to Metadata Website: http://54.161.3.42
2024-03-02 17:22:29,372 - Browser Opener - INFO - URL written to file: data/url.txt
2024-03-02 17:22:29,373 - APP - INFO - Launching Monitoring EC2 Instance MetaData...
2024-03-02 17:22:29,373 - command line - INFO - Uploading file: data/monitoring.sh
2024-03-02 17:22:33,058 - command line - INFO - Running command: chmod +x monitoring.sh && ./monitoring.sh
2024-03-02 17:22:35,987 - command line - INFO - Command output: Instance ID: i-025a9fef07e8d6ac5
Memory utilisation: 16.33%
No of processes: 121
Web server is running

2024-03-02 17:22:35,988 - APP - INFO - Launching Database EC2 Instance...
2024-03-02 17:22:35,988 - ec2 Manager - INFO - Getting Amazon Linux AMI...
2024-03-02 17:22:37,349 - ec2 Manager - INFO - Launched EC2 Instance: i-0aac7656c5948438f
2024-03-02 17:25:38,296 - ec2 Manager - INFO - Public IP: 54.196.242.170
2024-03-02 17:25:38,469 - ec2 Manager - INFO - Public DNS: ec2-54-196-242-170.compute-1.amazonaws.com
2024-03-02 17:25:38,472 - Browser Opener - INFO - Checking URL: http://ec2-54-196-242-170.compute-1.amazonaws.com:27017
2024-03-02 17:25:38,779 - Browser Opener - INFO - URL is accessible
2024-03-02 17:25:38,780 - APP - INFO - Adding data to Database...
2024-03-02 17:25:38,780 - command line - INFO - Uploading file: data/database.json
2024-03-02 17:25:41,321 - command line - INFO - Running command: mongoimport --host ec2-54-196-242-170.compute-1.amazonaws.com --db irelandCounties --collection counties --file database.json --jsonArray
2024-03-02 17:25:42,806 - command line - INFO - Command output: 
2024-03-02 17:25:42,806 - Runner - INFO - ACS Project Completed
