2024-03-02 15:20:24,368 - acs_main - INFO - Starting ACS Project
2024-03-02 15:20:24,368 - command line - INFO - Running local command: aws iam list-users
2024-03-02 15:20:25,400 - command line - INFO - Command output: {
    "Users": []
}

2024-03-02 15:20:25,400 - Initial Setup (only run once) - INFO - AWS is working
2024-03-02 15:20:25,401 - Initial Setup (only run once) - INFO - Configuration file exists, loading configuration...
2024-03-02 15:20:25,401 - Initial Setup (only run once) - INFO - Configuration loaded successfully.
2024-03-02 15:20:25,401 - APP - INFO - Launching Metadata EC2 Instance...
2024-03-02 15:20:25,401 - ec2 Manager - INFO - Getting Amazon Linux AMI...
2024-03-02 15:20:27,919 - ec2 Manager - INFO - Launched EC2 Instance: i-07cb90256b4cb5cfe
2024-03-02 15:20:27,928 - ec2 Manager - INFO - Waiting for instance ['i-07cb90256b4cb5cfe'] to be running...
2024-03-02 15:21:08,962 - ec2 Manager - ERROR - Error waiting for instance to running: Waiter InstanceRunning failed: Waiter encountered a terminal failure state: For expression "Reservations[].Instances[].State.Name" we matched expected path: "shutting-down" at least once
2024-03-02 15:21:09,257 - ec2 Manager - INFO - Public IP: 54.85.21.0
2024-03-02 15:21:09,431 - ec2 Manager - INFO - Public DNS: ec2-54-85-21-0.compute-1.amazonaws.com
2024-03-02 15:22:24,536 - Browser Opener - WARNING - URL check failed
2024-03-02 15:23:59,717 - Browser Opener - WARNING - URL check failed
2024-03-02 15:23:59,734 - Browser Opener - ERROR - Timeout reached. URL is not accessible.
2024-03-02 15:23:59,736 - Browser Opener - INFO - Opened browser to Metadata Website: http://54.85.21.0
2024-03-02 15:24:01,151 - Browser Opener - INFO - URL written to file: data/url.txt
2024-03-02 15:24:01,155 - APP - INFO - Launching Monitoring EC2 Instance MetaData...
2024-03-02 15:24:01,156 - command line - INFO - Uploading file: data/monitoring.sh
2024-03-02 15:25:16,437 - command line - INFO - Running command: chmod +x monitoring.sh && ./monitoring.sh
