2024-03-02 01:23:03,280 - acs_main - INFO - Starting ACS Project
2024-03-02 01:23:03,280 - APP - INFO - Launching Metadata EC2 Instance...
2024-03-02 01:23:03,280 - ec2_manager - INFO - Getting Amazon Linux AMI...
2024-03-02 01:23:05,660 - ec2_manager - INFO - Launched EC2 Instance: i-041de56f87bd09bef
2024-03-02 01:23:05,685 - ec2_manager - INFO - Waiting for instance ['i-041de56f87bd09bef'] to be running...
2024-03-02 01:23:26,469 - ec2_manager - INFO - Instance running successfully.
2024-03-02 01:23:26,747 - ec2_manager - INFO - Public IP: 34.228.59.251
2024-03-02 01:23:30,495 - Browser Opener - WARNING - URL check failed
2024-03-02 01:24:30,724 - Browser Opener - INFO - URL is accessible
2024-03-02 01:24:30,725 - Browser Opener - INFO - Opened browser to Metadata Website: http://34.228.59.251
2024-03-02 01:24:31,282 - APP - INFO - Launching Monitoring EC2 Instance...
2024-03-02 01:24:31,283 - command line - INFO - Uploading file: data/monitoring.sh
2024-03-02 01:24:34,385 - command line - INFO - Running command: cd ~/script & chmod +x monitoring.sh && ./monitoring.sh
2024-03-02 01:24:35,905 - command line - INFO - Command output: Instance ID: i-041de56f87bd09bef
Memory utilisation: 16.33%
No of processes: 118
Web server is running

2024-03-02 01:24:35,906 - APP - INFO - Launching Database EC2 Instance...
2024-03-02 01:24:35,906 - ec2_manager - INFO - Getting Amazon Linux AMI...
2024-03-02 01:24:38,423 - ec2_manager - INFO - Launched EC2 Instance: i-01c1e2efe2dd3e9cd
2024-03-02 01:24:38,423 - ec2_manager - INFO - Waiting for instance ['i-01c1e2efe2dd3e9cd'] to be running...
2024-03-02 01:24:59,307 - ec2_manager - INFO - Instance running successfully.
2024-03-02 01:24:59,601 - ec2_manager - INFO - Public IP: 54.83.111.158
