2024-03-02 00:11:05,184 - acs_main - INFO - Starting ACS Project
2024-03-02 00:11:05,184 - APP - INFO - Launching Metadata EC2 Instance...
2024-03-02 00:11:05,184 - ec2_manager - INFO - Getting Amazon Linux AMI...
2024-03-02 00:11:07,002 - ec2_manager - INFO - Launched EC2 Instance: i-07f4482645f3aa67b
2024-03-02 00:11:07,021 - ec2_manager - INFO - Waiting for instance ['i-07f4482645f3aa67b'] to be running...
2024-03-02 00:11:27,771 - ec2_manager - INFO - Instance running successfully.
2024-03-02 00:11:28,029 - ec2_manager - INFO - Public IP: 3.85.37.88
2024-03-02 00:11:32,431 - Browser Opener - WARNING - URL check failed
2024-03-02 00:12:32,664 - Browser Opener - INFO - URL is accessible
2024-03-02 00:12:32,666 - Browser Opener - INFO - Opened browser to Metadata Website: http://3.85.37.88
2024-03-02 00:12:34,263 - s3 Manager - INFO - Created bucket: shl33p-sconroy
2024-03-02 00:12:35,016 - s3 Manager - INFO - Uploaded file: data/image.jpeg to bucket: shl33p-sconroy
2024-03-02 00:12:35,248 - s3 Manager - INFO - Uploaded file: data/index.html to bucket: shl33p-sconroy
2024-03-02 00:12:35,418 - s3 Manager - INFO - Deleted public access block: shl33p-sconroy
2024-03-02 00:12:35,638 - s3 Manager - INFO - Added policy to bucket: shl33p-sconroy
2024-03-02 00:12:35,811 - s3 Manager - INFO - Configured website: shl33p-sconroy
2024-03-02 00:12:36,121 - Browser Opener - INFO - URL is accessible
2024-03-02 00:12:36,122 - Browser Opener - INFO - Opened browser to S3 Website: http://shl33p-sconroy.s3-website-us-east-1.amazonaws.com
2024-03-02 00:12:36,306 - APP - INFO - Launching Monitoring EC2 Instance...
2024-03-02 00:12:36,306 - command line - INFO - Uploading file: data/monitoring.sh
