2024-03-02 17:35:38,983 - Runner - INFO - Starting Sean Conroy ACS Project
2024-03-02 17:35:38,984 - command line - INFO - Running local command: aws iam list-users
2024-03-02 17:35:40,018 - command line - INFO - Command output: {
    "Users": []
}

2024-03-02 17:35:40,019 - Initial Setup (only run once) - INFO - AWS is working
2024-03-02 17:35:40,019 - Initial Setup (only run once) - INFO - Configuration file exists, loading configuration...
2024-03-02 17:35:40,020 - Initial Setup (only run once) - INFO - Configuration loaded successfully.
2024-03-02 17:35:40,020 - APP - INFO - Launching Metadata EC2 Instance...
2024-03-02 17:35:40,020 - ec2 Manager - INFO - Getting Amazon Linux AMI...
2024-03-02 17:35:41,842 - ec2 Manager - INFO - Launched EC2 Instance: i-0278efec4c7393e60
2024-03-02 17:35:41,851 - ec2 Manager - INFO - Waiting for instance ['i-0278efec4c7393e60'] to be running...
2024-03-02 17:36:22,968 - ec2 Manager - INFO - Instance running successfully.
2024-03-02 17:36:23,254 - ec2 Manager - INFO - Public IP: 100.26.55.202
2024-03-02 17:36:23,437 - ec2 Manager - INFO - Public DNS: ec2-100-26-55-202.compute-1.amazonaws.com
2024-03-02 17:36:23,437 - Browser Opener - INFO - Checking URL: http://100.26.55.202
2024-03-02 17:36:23,760 - Browser Opener - WARNING - URL check failed
2024-03-02 17:37:03,774 - Browser Opener - INFO - Checking URL: http://100.26.55.202
2024-03-02 17:37:04,026 - Browser Opener - INFO - URL is accessible
2024-03-02 17:37:04,026 - Browser Opener - INFO - Opened browser to Metadata Website: http://100.26.55.202
2024-03-02 17:37:04,925 - Browser Opener - INFO - URL written to file: data/url.txt
2024-03-02 17:37:04,927 - APP - INFO - Launching Monitoring EC2 Instance MetaData...
2024-03-02 17:37:04,928 - command line - INFO - Uploading file: data/monitoring.sh
2024-03-02 17:37:07,563 - command line - INFO - Running command: chmod +x monitoring.sh && ./monitoring.sh
2024-03-02 17:37:09,167 - command line - INFO - Command output: Instance ID: i-0278efec4c7393e60
Memory utilisation: 16.23%
No of processes: 115
Web server is running

2024-03-02 17:37:09,168 - APP - INFO - Launching Database EC2 Instance...
2024-03-02 17:37:09,169 - ec2 Manager - INFO - Getting Amazon Linux AMI...
2024-03-02 17:37:10,505 - ec2 Manager - INFO - Launched EC2 Instance: i-0bbc3258ea65d5494
2024-03-02 17:37:10,506 - ec2 Manager - INFO - Waiting for instance ['i-0bbc3258ea65d5494'] to be running...
2024-03-02 17:37:51,235 - ec2 Manager - INFO - Instance running successfully.
2024-03-02 17:37:51,433 - ec2 Manager - INFO - Public IP: 44.222.200.78
2024-03-02 17:37:51,605 - ec2 Manager - INFO - Public DNS: ec2-44-222-200-78.compute-1.amazonaws.com
2024-03-02 17:37:51,606 - Browser Opener - INFO - Checking URL: http://ec2-44-222-200-78.compute-1.amazonaws.com:27017
2024-03-02 17:37:51,747 - Browser Opener - WARNING - URL check failed
2024-03-02 17:38:51,761 - Browser Opener - INFO - Checking URL: http://ec2-44-222-200-78.compute-1.amazonaws.com:27017
2024-03-02 17:38:51,888 - Browser Opener - WARNING - URL check failed
2024-03-02 17:39:51,896 - Browser Opener - INFO - Checking URL: http://ec2-44-222-200-78.compute-1.amazonaws.com:27017
2024-03-02 17:39:52,118 - Browser Opener - INFO - URL is accessible
2024-03-02 17:39:52,118 - APP - INFO - Adding data to Database...
2024-03-02 17:39:52,118 - command line - INFO - Uploading file: data/database.json
2024-03-02 17:39:55,120 - command line - INFO - Running command: mongoimport --host ec2-44-222-200-78.compute-1.amazonaws.com --db irelandCounties --collection counties --file database.json --jsonArray
2024-03-02 17:39:56,581 - command line - INFO - Command output: 
2024-03-02 17:39:56,582 - Runner - INFO - ACS Project Completed
